<?xml version="1.0" encoding="UTF-8"?>
<!-- Generated by org.testng.reporters.JUnitReportReporter -->
<testsuite hostname="TSI0267-sarathkumar" failures="0" tests="1" name="com.bfm.project.login" time="25.510" errors="0" timestamp="2023-12-26T12:15:05 IST" skipped="0">
  <testcase classname="com.bfm.project.login" name="login" time="25.510"/>
  <system-out/>
</testsuite> <!-- com.bfm.project.login -->
